<?xml version="1.0" encoding="UTF-8"?>
<!-- Generated by org.testng.reporters.JUnitReportReporter -->
<testsuite hostname="DESKTOP-HTNRU3J" failures="0" tests="2" name="mailtest.Tests" time="60.899" errors="0" timestamp="2020-06-01T23:59:42 EET" skipped="0">
  <testcase classname="mailtest.Tests" name="Test_Login" time="4.162"/>
  <system-out/>
  <testcase classname="mailtest.Tests" name="Test_SendMail" time="56.737"/>
  <system-out/>
</testsuite> <!-- mailtest.Tests -->
